<oddjob>
	<job>
		<bean class="org.oddjob.MainShutdownTest$NaughtyJob"/>
	</job>
</oddjob>